<?xml version="1.0" encoding="UTF-8"?>
<testng-results ignored="0" total="5" passed="5" failed="0" skipped="0">
  <reporter-output>
  </reporter-output>
  <suite started-at="2025-09-13T20:02:32 IST" name="Default suite" finished-at="2025-09-13T20:09:59 IST" duration-ms="446852">
    <groups>
      <group name="cucumber">
        <method signature="AbstractTestNGCucumberTests.runScenario(io.cucumber.testng.PickleWrapper,io.cucumber.testng.FeatureWrapper)[pri:0, instance:runner.testrunner@2002fc1d]" name="runScenario" class="io.cucumber.testng.AbstractTestNGCucumberTests"/>
      </group> <!-- cucumber -->
    </groups>
    <test started-at="2025-09-13T20:02:32 IST" name="Default test" finished-at="2025-09-13T20:09:59 IST" duration-ms="446852">
      <class name="runner.testrunner">
        <test-method is-config="true" signature="setUpClass(org.testng.ITestContext)[pri:0, instance:runner.testrunner@2002fc1d]" started-at="2025-09-13T20:02:32 IST" name="setUpClass" finished-at="2025-09-13T20:02:36 IST" duration-ms="3884" status="PASS">
          <params>
            <param index="0">
              <value>
                <![CDATA[org.testng.TestRunner@53570fff]]>
              </value>
            </param>
          </params>
          <reporter-output>
          </reporter-output>
        </test-method> <!-- setUpClass -->
        <test-method signature="runScenario(io.cucumber.testng.PickleWrapper,io.cucumber.testng.FeatureWrapper)[pri:0, instance:runner.testrunner@2002fc1d]" started-at="2025-09-13T20:02:36 IST" name="runScenario" description="Runs Cucumber Scenarios" data-provider="scenarios" finished-at="2025-09-13T20:03:19 IST" duration-ms="42121" status="PASS">
          <params>
            <param index="0">
              <value>
                <![CDATA["Successful login with valid mobile number"]]>
              </value>
            </param>
            <param index="1">
              <value>
                <![CDATA["Mobile Login"]]>
              </value>
            </param>
          </params>
          <reporter-output>
          </reporter-output>
        </test-method> <!-- runScenario -->
        <test-method signature="runScenario(io.cucumber.testng.PickleWrapper,io.cucumber.testng.FeatureWrapper)[pri:0, instance:runner.testrunner@2002fc1d]" started-at="2025-09-13T20:03:19 IST" name="runScenario" description="Runs Cucumber Scenarios" data-provider="scenarios" finished-at="2025-09-13T20:03:33 IST" duration-ms="14229" status="PASS">
          <params>
            <param index="0">
              <value>
                <![CDATA["Unsuccessful login with invalid mobile number"]]>
              </value>
            </param>
            <param index="1">
              <value>
                <![CDATA["Mobile Login"]]>
              </value>
            </param>
          </params>
          <reporter-output>
          </reporter-output>
        </test-method> <!-- runScenario -->
        <test-method signature="runScenario(io.cucumber.testng.PickleWrapper,io.cucumber.testng.FeatureWrapper)[pri:0, instance:runner.testrunner@2002fc1d]" started-at="2025-09-13T20:03:33 IST" name="runScenario" description="Runs Cucumber Scenarios" data-provider="scenarios" finished-at="2025-09-13T20:03:50 IST" duration-ms="16899" status="PASS">
          <params>
            <param index="0">
              <value>
                <![CDATA["User clicks Plan and selects Manali"]]>
              </value>
            </param>
            <param index="1">
              <value>
                <![CDATA["Plan a trip"]]>
              </value>
            </param>
          </params>
          <reporter-output>
          </reporter-output>
        </test-method> <!-- runScenario -->
        <test-method signature="runScenario(io.cucumber.testng.PickleWrapper,io.cucumber.testng.FeatureWrapper)[pri:0, instance:runner.testrunner@2002fc1d]" started-at="2025-09-13T20:03:50 IST" name="runScenario" description="Runs Cucumber Scenarios" data-provider="scenarios" finished-at="2025-09-13T20:06:11 IST" duration-ms="141367" status="PASS">
          <params>
            <param index="0">
              <value>
                <![CDATA["Search round-trip flights and see results"]]>
              </value>
            </param>
            <param index="1">
              <value>
                <![CDATA["Search Round Trip Flights"]]>
              </value>
            </param>
          </params>
          <reporter-output>
          </reporter-output>
        </test-method> <!-- runScenario -->
        <test-method signature="runScenario(io.cucumber.testng.PickleWrapper,io.cucumber.testng.FeatureWrapper)[pri:0, instance:runner.testrunner@2002fc1d]" started-at="2025-09-13T20:06:11 IST" name="runScenario" description="Runs Cucumber Scenarios" data-provider="scenarios" finished-at="2025-09-13T20:09:59 IST" duration-ms="227616" status="PASS">
          <params>
            <param index="0">
              <value>
                <![CDATA["Application of filters for selecting the flight"]]>
              </value>
            </param>
            <param index="1">
              <value>
                <![CDATA["Applying Filters"]]>
              </value>
            </param>
          </params>
          <reporter-output>
          </reporter-output>
        </test-method> <!-- runScenario -->
        <test-method is-config="true" signature="tearDownClass()[pri:0, instance:runner.testrunner@2002fc1d]" started-at="2025-09-13T20:09:59 IST" name="tearDownClass" finished-at="2025-09-13T20:09:59 IST" duration-ms="529" status="PASS">
          <reporter-output>
          </reporter-output>
        </test-method> <!-- tearDownClass -->
      </class> <!-- runner.testrunner -->
    </test> <!-- Default test -->
  </suite> <!-- Default suite -->
</testng-results>
